<?xml version="1.0" encoding="UTF-8"?>
<!-- Generated by org.testng.reporters.JUnitReportReporter -->
<testsuite skipped="0" hostname="admin1-LIVA-Z2V" name="com.bridgelabz.amazon.testcases.SearchItemTest" tests="1" failures="0" timestamp="14 Jan 2020 10:31:17 GMT" time="17.434" errors="0">
  <testcase name="searchItenTest" time="17.434" classname="com.bridgelabz.amazon.testcases.SearchItemTest"/>
</testsuite> <!-- com.bridgelabz.amazon.testcases.SearchItemTest -->
