<?xml version="1.0" encoding="UTF-8"?>
<!-- Generated by org.testng.reporters.JUnitReportReporter -->
<testsuite skipped="0" hostname="admin1-LIVA-Z2V" name="com.bridgelabz.amazon.testcases.AddToCartTest" tests="1" failures="0" timestamp="14 Jan 2020 10:28:43 GMT" time="33.164" errors="0">
  <testcase name="addItemInCart" time="33.164" classname="com.bridgelabz.amazon.testcases.AddToCartTest"/>
</testsuite> <!-- com.bridgelabz.amazon.testcases.AddToCartTest -->
