<?xml version="1.0" encoding="UTF-8"?>
<!-- Generated by org.testng.reporters.JUnitReportReporter -->
<testsuite skipped="0" hostname="admin1-LIVA-Z2V" name="com.bridgelabz.amazon.testcases.LoginPageTest" tests="2" failures="0" timestamp="14 Jan 2020 10:26:48 GMT" time="17.247" errors="0">
  <testcase name="LoginTest" time="7.305" classname="com.bridgelabz.amazon.testcases.LoginPageTest"/>
  <testcase name="LoginPageTitle" time="9.942" classname="com.bridgelabz.amazon.testcases.LoginPageTest"/>
</testsuite> <!-- com.bridgelabz.amazon.testcases.LoginPageTest -->
