<?xml version="1.0" encoding="UTF-8"?>
<!-- Generated by org.testng.reporters.JUnitReportReporter -->
<testsuite skipped="0" hostname="admin1-LIVA-Z2V" name="com.bridgelabz.amazon.testcases.DeleteItemTest" tests="1" failures="0" timestamp="14 Jan 2020 08:57:23 GMT" time="13.873" errors="0">
  <testcase name="deleteItem" time="13.873" classname="com.bridgelabz.amazon.testcases.DeleteItemTest"/>
</testsuite> <!-- com.bridgelabz.amazon.testcases.DeleteItemTest -->
